# JRE version: Java(TM) SE Runtime Environment (8.0_261-b12) (build 1.8.0_261-b12)
# Java VM: Java HotSpot(TM) 64-Bit Server VM (25.261-b12 mixed mode windows-amd64 compressed oops)
Heap:
 PSYoungGen      total 230912K, used 142924K [0x000000076af80000, 0x000000077a180000, 0x00000007c0000000)
  eden space 215040K, 66% used [0x000000076af80000,0x0000000773b13030,0x0000000778180000)
  from space 15872K, 0% used [0x0000000779200000,0x0000000779200000,0x000000077a180000)
  to   space 16384K, 15% used [0x0000000778180000,0x00000007783fdc58,0x0000000779180000)
 ParOldGen       total 165888K, used 18170K [0x00000006c0e00000, 0x00000006cb000000, 0x000000076af80000)
  object space 165888K, 10% used [0x00000006c0e00000,0x00000006c1fbea50,0x00000006cb000000)
 Metaspace       used 52823K, capacity 56030K, committed 56064K, reserved 1097728K
  class space    used 7340K, capacity 7911K, committed 7936K, reserved 1048576K
GC Heap History (10 events):
Event: 3.835 GC heap after
Heap after GC invocations=7 (full 1):
 PSYoungGen      total 166912K, used 10727K [0x000000076af80000, 0x0000000778b80000, 0x00000007c0000000)
  eden space 156160K, 0% used [0x000000076af80000,0x000000076af80000,0x0000000774800000)
  from space 10752K, 99% used [0x0000000775380000,0x0000000775df9c08,0x0000000775e00000)
  to   space 11776K, 0% used [0x0000000774800000,0x0000000774800000,0x0000000775380000)
 ParOldGen       total 102400K, used 8545K [0x00000006c0e00000, 0x00000006c7200000, 0x000000076af80000)
  object space 102400K, 8% used [0x00000006c0e00000,0x00000006c1658518,0x00000006c7200000)
 Metaspace       used 33504K, capacity 35356K, committed 35496K, reserved 1079296K
  class space    used 4415K, capacity 4782K, committed 4864K, reserved 1048576K
}
Event: 3.835 GC heap before
{Heap before GC invocations=8 (full 2):
 PSYoungGen      total 166912K, used 10727K [0x000000076af80000, 0x0000000778b80000, 0x00000007c0000000)
  eden space 156160K, 0% used [0x000000076af80000,0x000000076af80000,0x0000000774800000)
  from space 10752K, 99% used [0x0000000775380000,0x0000000775df9c08,0x0000000775e00000)
  to   space 11776K, 0% used [0x0000000774800000,0x0000000774800000,0x0000000775380000)
 ParOldGen       total 102400K, used 8545K [0x00000006c0e00000, 0x00000006c7200000, 0x000000076af80000)
  object space 102400K, 8% used [0x00000006c0e00000,0x00000006c1658518,0x00000006c7200000)
 Metaspace       used 33504K, capacity 35356K, committed 35496K, reserved 1079296K
  class space    used 4415K, capacity 4782K, committed 4864K, reserved 1048576K
Event: 3.907 GC heap after
Heap after GC invocations=8 (full 2):
 PSYoungGen      total 166912K, used 0K [0x000000076af80000, 0x0000000778b80000, 0x00000007c0000000)
  eden space 156160K, 0% used [0x000000076af80000,0x000000076af80000,0x0000000774800000)
  from space 10752K, 0% used [0x0000000775380000,0x0000000775380000,0x0000000775e00000)
  to   space 11776K, 0% used [0x0000000774800000,0x0000000774800000,0x0000000775380000)
 ParOldGen       total 165888K, used 15609K [0x00000006c0e00000, 0x00000006cb000000, 0x000000076af80000)
  object space 165888K, 9% used [0x00000006c0e00000,0x00000006c1d3e5b8,0x00000006cb000000)
 Metaspace       used 33504K, capacity 35356K, committed 35496K, reserved 1079296K
  class space    used 4415K, capacity 4782K, committed 4864K, reserved 1048576K
}
Event: 5.655 GC heap before
{Heap before GC invocations=9 (full 2):
 PSYoungGen      total 166912K, used 156160K [0x000000076af80000, 0x0000000778b80000, 0x00000007c0000000)
  eden space 156160K, 100% used [0x000000076af80000,0x0000000774800000,0x0000000774800000)
  from space 10752K, 0% used [0x0000000775380000,0x0000000775380000,0x0000000775e00000)
  to   space 11776K, 0% used [0x0000000774800000,0x0000000774800000,0x0000000775380000)
 ParOldGen       total 165888K, used 15609K [0x00000006c0e00000, 0x00000006cb000000, 0x000000076af80000)
  object space 165888K, 9% used [0x00000006c0e00000,0x00000006c1d3e5b8,0x00000006cb000000)
 Metaspace       used 50187K, capacity 53194K, committed 53376K, reserved 1095680K
  class space    used 7018K, capacity 7535K, committed 7552K, reserved 1048576K
Event: 5.674 GC heap after
Heap after GC invocations=9 (full 2):
 PSYoungGen      total 167936K, used 11755K [0x000000076af80000, 0x000000077a280000, 0x00000007c0000000)
  eden space 156160K, 0% used [0x000000076af80000,0x000000076af80000,0x0000000774800000)
  from space 11776K, 99% used [0x0000000774800000,0x000000077537ad00,0x0000000775380000)
  to   space 16896K, 0% used [0x0000000779200000,0x0000000779200000,0x000000077a280000)
 ParOldGen       total 165888K, used 23549K [0x00000006c0e00000, 0x00000006cb000000, 0x000000076af80000)
  object space 165888K, 14% used [0x00000006c0e00000,0x00000006c24ff7d0,0x00000006cb000000)
 Metaspace       used 50187K, capacity 53194K, committed 53376K, reserved 1095680K
  class space    used 7018K, capacity 7535K, committed 7552K, reserved 1048576K
}
Event: 115.946 GC heap before
{Heap before GC invocations=10 (full 2):
 PSYoungGen      total 167936K, used 49880K [0x000000076af80000, 0x000000077a280000, 0x00000007c0000000)
  eden space 156160K, 24% used [0x000000076af80000,0x000000076d4bb5d0,0x0000000774800000)
  from space 11776K, 99% used [0x0000000774800000,0x000000077537ad00,0x0000000775380000)
  to   space 16896K, 0% used [0x0000000779200000,0x0000000779200000,0x000000077a280000)
 ParOldGen       total 165888K, used 23549K [0x00000006c0e00000, 0x00000006cb000000, 0x000000076af80000)
  object space 165888K, 14% used [0x00000006c0e00000,0x00000006c24ff7d0,0x00000006cb000000)
 Metaspace       used 52614K, capacity 55698K, committed 55808K, reserved 1097728K
  class space    used 7316K, capacity 7856K, committed 7936K, reserved 1048576K
Event: 115.955 GC heap after
Heap after GC invocations=10 (full 2):
 PSYoungGen      total 230912K, used 8430K [0x000000076af80000, 0x000000077a180000, 0x00000007c0000000)
  eden space 215040K, 0% used [0x000000076af80000,0x000000076af80000,0x0000000778180000)
  from space 15872K, 53% used [0x0000000779200000,0x0000000779a3b958,0x000000077a180000)
  to   space 16384K, 0% used [0x0000000778180000,0x0000000778180000,0x0000000779180000)
 ParOldGen       total 165888K, used 23557K [0x00000006c0e00000, 0x00000006cb000000, 0x000000076af80000)
  object space 165888K, 14% used [0x00000006c0e00000,0x00000006c25017d0,0x00000006cb000000)
 Metaspace       used 52614K, capacity 55698K, committed 55808K, reserved 1097728K
  class space    used 7316K, capacity 7856K, committed 7936K, reserved 1048576K
}
Event: 115.955 GC heap before
{Heap before GC invocations=11 (full 3):
 PSYoungGen      total 230912K, used 8430K [0x000000076af80000, 0x000000077a180000, 0x00000007c0000000)
  eden space 215040K, 0% used [0x000000076af80000,0x000000076af80000,0x0000000778180000)
  from space 15872K, 53% used [0x0000000779200000,0x0000000779a3b958,0x000000077a180000)
  to   space 16384K, 0% used [0x0000000778180000,0x0000000778180000,0x0000000779180000)
 ParOldGen       total 165888K, used 23557K [0x00000006c0e00000, 0x00000006cb000000, 0x000000076af80000)
  object space 165888K, 14% used [0x00000006c0e00000,0x00000006c25017d0,0x00000006cb000000)
 Metaspace       used 52614K, capacity 55698K, committed 55808K, reserved 1097728K
  class space    used 7316K, capacity 7856K, committed 7936K, reserved 1048576K
Event: 116.096 GC heap after
Heap after GC invocations=11 (full 3):
 PSYoungGen      total 230912K, used 0K [0x000000076af80000, 0x000000077a180000, 0x00000007c0000000)
  eden space 215040K, 0% used [0x000000076af80000,0x000000076af80000,0x0000000778180000)
  from space 15872K, 0% used [0x0000000779200000,0x0000000779200000,0x000000077a180000)
  to   space 16384K, 0% used [0x0000000778180000,0x0000000778180000,0x0000000779180000)
 ParOldGen       total 165888K, used 18162K [0x00000006c0e00000, 0x00000006cb000000, 0x000000076af80000)
  object space 165888K, 10% used [0x00000006c0e00000,0x00000006c1fbca50,0x00000006cb000000)
 Metaspace       used 52614K, capacity 55698K, committed 55808K, reserved 1097728K
  class space    used 7316K, capacity 7856K, committed 7936K, reserved 1048576K
}
Event: 133.379 GC heap before
{Heap before GC invocations=12 (full 3):
 PSYoungGen      total 230912K, used 142924K [0x000000076af80000, 0x000000077a180000, 0x00000007c0000000)
  eden space 215040K, 66% used [0x000000076af80000,0x0000000773b13030,0x0000000778180000)
  from space 15872K, 0% used [0x0000000779200000,0x0000000779200000,0x000000077a180000)
  to   space 16384K, 0% used [0x0000000778180000,0x0000000778180000,0x0000000779180000)
 ParOldGen       total 165888K, used 18162K [0x00000006c0e00000, 0x00000006cb000000, 0x000000076af80000)
  object space 165888K, 10% used [0x00000006c0e00000,0x00000006c1fbca50,0x00000006cb000000)
 Metaspace       used 52823K, capacity 56030K, committed 56064K, reserved 1097728K
  class space    used 7340K, capacity 7911K, committed 7936K, reserved 1048576K

